<?xml version="1.0" encoding="UTF-8"?>
<robot generator="Robot 6.1.1 (Python 3.10.12 on linux)" generated="20231126 21:57:50.775" rpa="false" schemaversion="4">
<suite id="s1" name="Tests" source="/home/adyuusuf/miniprojekti3/src/tests">
<suite id="s1-s1" name="Book Page Tests" source="/home/adyuusuf/miniprojekti3/src/tests/book_page_tests.robot">
<kw name="Open And Configure Browser" library="resource" type="SETUP">
<kw name="Evaluate" library="BuiltIn">
<var>${options}</var>
<arg>sys.modules['selenium.webdriver'].ChromeOptions()</arg>
<arg>sys</arg>
<doc>Evaluates the given expression in Python and returns the result.</doc>
<msg timestamp="20231126 21:57:50.893" level="INFO">${options} = &lt;selenium.webdriver.chrome.options.Options object at 0x7f7c6585ca30&gt;</msg>
<status status="PASS" starttime="20231126 21:57:50.893" endtime="20231126 21:57:50.893"/>
</kw>
<kw name="Call Method" library="BuiltIn">
<arg>${options}</arg>
<arg>add_argument</arg>
<arg>--no-sandbox</arg>
<doc>Calls the named method of the given object with the provided arguments.</doc>
<status status="PASS" starttime="20231126 21:57:50.894" endtime="20231126 21:57:50.894"/>
</kw>
<kw name="Open Browser" library="SeleniumLibrary">
<arg>browser=chrome</arg>
<arg>options=${options}</arg>
<doc>Opens a new browser instance to the optional ``url``.</doc>
<msg timestamp="20231126 21:57:50.894" level="INFO">Opening browser 'chrome' to base url 'None'.</msg>
<status status="PASS" starttime="20231126 21:57:50.894" endtime="20231126 21:57:52.285"/>
</kw>
<kw name="Set Selenium Speed" library="SeleniumLibrary">
<arg>${DELAY}</arg>
<doc>Sets the delay that is waited after each Selenium command.</doc>
<status status="PASS" starttime="20231126 21:57:52.285" endtime="20231126 21:57:52.285"/>
</kw>
<status status="PASS" starttime="20231126 21:57:50.893" endtime="20231126 21:57:52.286"/>
</kw>
<test id="s1-s1-t1" name="Test Book Page GET" line="8">
<kw name="Go To" library="SeleniumLibrary">
<arg>${BOOK_URL}</arg>
<doc>Navigates the current browser window to the provided ``url``.</doc>
<msg timestamp="20231126 21:57:52.286" level="INFO">Opening url 'http://localhost:5000/book'</msg>
<status status="PASS" starttime="20231126 21:57:52.286" endtime="20231126 21:57:57.593"/>
</kw>
<kw name="Page Should Contain" library="SeleniumLibrary">
<arg>Books</arg>
<doc>Verifies that current page contains ``text``.</doc>
<msg timestamp="20231126 21:58:07.614" level="INFO">Current page contains text 'Books'.</msg>
<status status="PASS" starttime="20231126 21:57:57.593" endtime="20231126 21:58:07.614"/>
</kw>
<status status="PASS" starttime="20231126 21:57:52.286" endtime="20231126 21:58:07.615"/>
</test>
<test id="s1-s1-t2" name="Test Book Page POST" line="14">
<kw name="Go To" library="SeleniumLibrary">
<arg>${BOOK_URL}</arg>
<doc>Navigates the current browser window to the provided ``url``.</doc>
<msg timestamp="20231126 21:58:07.616" level="INFO">Opening url 'http://localhost:5000/book'</msg>
<status status="PASS" starttime="20231126 21:58:07.615" endtime="20231126 21:58:12.657"/>
</kw>
<kw name="Set Title">
<arg>Robot Framework</arg>
<kw name="Input Text" library="SeleniumLibrary">
<arg>title</arg>
<arg>${title}</arg>
<doc>Types the given ``text`` into the text field identified by ``locator``.</doc>
<msg timestamp="20231126 21:58:12.659" level="INFO">Typing text 'Robot Framework' into text field 'title'.</msg>
<msg timestamp="20231126 21:58:22.742" level="INFO" html="true">&lt;/td&gt;&lt;/tr&gt;&lt;tr&gt;&lt;td colspan="3"&gt;&lt;a href="selenium-screenshot-20.png"&gt;&lt;img src="selenium-screenshot-20.png" width="800px"&gt;&lt;/a&gt;</msg>
<msg timestamp="20231126 21:58:22.742" level="FAIL">Element with locator 'title' not found.</msg>
<status status="FAIL" starttime="20231126 21:58:12.658" endtime="20231126 21:58:22.744"/>
</kw>
<status status="FAIL" starttime="20231126 21:58:12.657" endtime="20231126 21:58:22.744"/>
</kw>
<kw name="Set Author Test Author">
<status status="NOT RUN" starttime="20231126 21:58:22.750" endtime="20231126 21:58:22.751"/>
</kw>
<kw name="Set Year">
<arg>2023</arg>
<status status="NOT RUN" starttime="20231126 21:58:22.751" endtime="20231126 21:58:22.751"/>
</kw>
<kw name="Set Publisher">
<arg>Test Publisher</arg>
<status status="NOT RUN" starttime="20231126 21:58:22.751" endtime="20231126 21:58:22.751"/>
</kw>
<kw name="Set Url">
<arg>https://example.com</arg>
<status status="NOT RUN" starttime="20231126 21:58:22.752" endtime="20231126 21:58:22.752"/>
</kw>
<kw name="Submit">
<status status="NOT RUN" starttime="20231126 21:58:22.752" endtime="20231126 21:58:22.752"/>
</kw>
<kw name="Location Should Be" library="SeleniumLibrary">
<arg>${BOOK_URL}/</arg>
<doc>Verifies that the current URL is exactly ``url``.</doc>
<status status="NOT RUN" starttime="20231126 21:58:22.752" endtime="20231126 21:58:22.752"/>
</kw>
<status status="FAIL" starttime="20231126 21:58:07.615" endtime="20231126 21:58:22.753">Element with locator 'title' not found.</status>
</test>
<status status="FAIL" starttime="20231126 21:57:50.786" endtime="20231126 21:58:22.754"/>
</suite>
<status status="FAIL" starttime="20231126 21:57:50.776" endtime="20231126 21:58:22.756"/>
</suite>
<statistics>
<total>
<stat pass="1" fail="1" skip="0">All Tests</stat>
</total>
<tag>
</tag>
<suite>
<stat pass="1" fail="1" skip="0" id="s1" name="Tests">Tests</stat>
<stat pass="1" fail="1" skip="0" id="s1-s1" name="Book Page Tests">Tests.Book Page Tests</stat>
</suite>
</statistics>
<errors>
</errors>
</robot>
